\BOOKMARK [-1][-]{part.1}{I Pr\351sentation de la probl\351matique du projet de fin d'\351tude.}{}% 1
\BOOKMARK [0][-]{chapter.1}{Quelles sont les sources d'informations exploitables?}{part.1}% 2
\BOOKMARK [1][-]{section.1.1}{Elastom\351trie}{chapter.1}% 3
\BOOKMARK [1][-]{section.1.2}{\311chographie}{chapter.1}% 4
\BOOKMARK [1][-]{section.1.3}{Computed tomography angiography / Angiographie}{chapter.1}% 5
\BOOKMARK [1][-]{section.1.4}{Scanner}{chapter.1}% 6
\BOOKMARK [1][-]{section.1.5}{IRM}{chapter.1}% 7
\BOOKMARK [0][-]{chapter.2}{Premier sujet: Caract\351risation de la thrombose par les IRM}{part.1}% 8
\BOOKMARK [1][-]{section.2.1}{Premi\350re piste, utilisation des IRM de perfusion.}{chapter.2}% 9
\BOOKMARK [1][-]{section.2.2}{Qu'est ce que la thrombose veineuse profonde}{chapter.2}% 10
\BOOKMARK [1][-]{section.2.3}{Probl\350me rencontr\351 vis \340 vis des IRM de thrombus.}{chapter.2}% 11
\BOOKMARK [0][-]{chapter.3}{Changement de sujet: R\351alisation d'un programme d'aide au diagnostique pour les pathologies c\351r\351brales.}{part.1}% 12
\BOOKMARK [-1][-]{part.2}{II Choix de la chaine de traitement.}{}% 13
\BOOKMARK [0][-]{chapter.4}{R\351alisation de la chaine de traitement.}{part.2}% 14
\BOOKMARK [0][-]{chapter.5}{Int\351r\352t de la classification spectrale.}{part.2}% 15
\BOOKMARK [0][-]{chapter.6}{Choix r\351alis\351 pour l'impl\351mentation de la classification spectrale.}{part.2}% 16
\BOOKMARK [1][-]{section.6.1}{Choix dans la construction du graphe et de la matrice de similitude.}{chapter.6}% 17
\BOOKMARK [1][-]{section.6.2}{Choix de l'algorithme de classification spectrale.}{chapter.6}% 18
\BOOKMARK [1][-]{section.6.3}{Choix du nombre de classe.}{chapter.6}% 19
\BOOKMARK [0][-]{chapter.7}{R\351sultats de l'algorithme et interpr\351tations.}{part.2}% 20
\BOOKMARK [-1][-]{part.3}{III R\351sultats.}{}% 21
\BOOKMARK [0][-]{chapter.8}{IMRs T1 de la prostate de l'INSERM de Lille.}{part.3}% 22
\BOOKMARK [1][-]{section.8.1}{Types de courbe rencontr\351es dans le cadre du cancer de la prostate}{chapter.8}% 23
\BOOKMARK [1][-]{section.8.2}{R\351sultats de l'algorithme}{chapter.8}% 24
\BOOKMARK [0][-]{chapter.9}{IMRs T2 du crane CHRU Brest Cavale Blanche.}{part.3}% 25
\BOOKMARK [1][-]{section.9.1}{Patient 1: Cancer identifiable par l'IRM de perfusion.}{chapter.9}% 26
\BOOKMARK [1][-]{section.9.2}{Patient 2: Cancer non-identifiable par l'IRM de perfusion.}{chapter.9}% 27
\BOOKMARK [-1][-]{part.4}{IV Annexes}{}% 28
\BOOKMARK [0][-]{appendix.A}{Anonymisation des images DICOM}{part.4}% 29
\BOOKMARK [0][-]{appendix.B}{Visualisation des donn\351es en 3D et 4D}{part.4}% 30
\BOOKMARK [0][-]{appendix.C}{Choix automatique du nombre de classe.}{part.4}% 31
\BOOKMARK [0][-]{appendix.D}{R\351alisation de programme pour le milieu m\351dical en stand-alone.}{part.4}% 32
\BOOKMARK [0][-]{appendix.E}{Rappel sur la th\351orie des graphes.}{part.4}% 33
\BOOKMARK [1][-]{section.E.1}{D\351finitions de base.}{appendix.E}% 34
\BOOKMARK [1][-]{section.E.2}{Choix du laplacien de la matrice.}{appendix.E}% 35
\BOOKMARK [0][-]{appendix.F}{Construction de la matrice de voisinage.}{part.4}% 36
\BOOKMARK [1][-]{section.F.1}{Choix du type de voisinage.}{appendix.F}% 37
\BOOKMARK [1][-]{section.F.2}{Choix de la distance et de la similitude.}{appendix.F}% 38
\BOOKMARK [1][-]{section.F.3}{Choix du param\350tre de dispersion.}{appendix.F}% 39
\BOOKMARK [0][-]{appendix.G}{Quels algorithmes de classification spectrale?}{part.4}% 40
